{"/Users/yellow/myWork/todo-list/src/router/index.js": {"path":"/Users/yellow/myWork/todo-list/src/router/index.js","statementMap":{"0":{"start":{"line":6,"column":0},"end":{"line":6,"column":19}},"1":{"start":{"line":8,"column":22},"end":{"line":27,"column":1}},"2":{"start":{"line":20,"column":21},"end":{"line":20,"column":81}},"3":{"start":{"line":29,"column":15},"end":{"line":31,"column":2}}},"fnMap":{"0":{"name":"(anonymous_0)","decl":{"start":{"line":20,"column":15},"end":{"line":20,"column":16}},"loc":{"start":{"line":20,"column":21},"end":{"line":20,"column":81}},"line":20}},"branchMap":{},"s":{"0":1,"1":1,"2":0,"3":1},"f":{"0":0},"b":{},"_coverageSchema":"43e27e138ebf9cfc5966b082cf9a028302ed4184","hash":"be745417b110b9ae5ba506bd177cdb7005d8ad76"}
,"/Users/yellow/myWork/todo-list/src/store/index.js": {"path":"/Users/yellow/myWork/todo-list/src/store/index.js","statementMap":{"0":{"start":{"line":4,"column":0},"end":{"line":4,"column":14}},"1":{"start":{"line":6,"column":21},"end":{"line":28,"column":1}},"2":{"start":{"line":9,"column":6},"end":{"line":9,"column":25}},"3":{"start":{"line":17,"column":6},"end":{"line":17,"column":26}},"4":{"start":{"line":22,"column":20},"end":{"line":22,"column":35}},"5":{"start":{"line":23,"column":6},"end":{"line":23,"column":32}}},"fnMap":{"0":{"name":"(anonymous_0)","decl":{"start":{"line":8,"column":4},"end":{"line":8,"column":5}},"loc":{"start":{"line":8,"column":17},"end":{"line":10,"column":5}},"line":8},"1":{"name":"(anonymous_1)","decl":{"start":{"line":16,"column":4},"end":{"line":16,"column":5}},"loc":{"start":{"line":16,"column":27},"end":{"line":18,"column":5}},"line":16},"2":{"name":"(anonymous_2)","decl":{"start":{"line":21,"column":4},"end":{"line":21,"column":5}},"loc":{"start":{"line":21,"column":33},"end":{"line":24,"column":5}},"line":21}},"branchMap":{},"s":{"0":2,"1":2,"2":3,"3":1,"4":1,"5":1},"f":{"0":3,"1":1,"2":1},"b":{},"_coverageSchema":"43e27e138ebf9cfc5966b082cf9a028302ed4184","hash":"3e6a6d1f4f52bdce851f615f42596eaf569d0a5a"}
,"/Users/yellow/myWork/todo-list/src/views/Home.vue": {"path":"/Users/yellow/myWork/todo-list/src/views/Home.vue","statementMap":{"0":{"start":{"line":10,"column":0},"end":{"line":10,"column":null}}},"fnMap":{},"branchMap":{},"s":{"0":1},"f":{},"b":{}}
}
